make all --print-data-base --no-builtin-variables --no-builtin-rules --question
# GNU Make 3.81
# Copyright (C) 2006  Free Software Foundation, Inc.
# This is free software; see the source for copying conditions.
# There is NO warranty; not even for MERCHANTABILITY or FITNESS FOR A
# PARTICULAR PURPOSE.

# This program built for i386-apple-darwin11.3.0
 
make: *** No rule to make target `all'.  Stop.


# Make data base, printed on Tue Jun 21 11:38:05 2022

# Variables

# automatic
<D = $(patsubst %/,%,$(dir $<))
# automatic
?F = $(notdir $?)
# environment
_NB_INDICATOR_TODO = âœ”ï¸  
# environment
_TPUT_COLOR_SECONDARY = [90m
# environment
NB_SERVER_PORT = 6789
# environment
ELECTRON_NO_ATTACH_CONSOLE = 1
# environment
_NB_CACHE_PATH = /Users/kang/.nb/.cache
# environment
NB_GUI_BROWSER = 
# environment
NB_LIMIT = 15
# environment
NB_ENCRYPTION_TOOL = openssl
# environment
VSCODE_LOG_NATIVE = false
# makefile (from `Makefile', line 19)
RELATIVE = 0
# automatic
?D = $(patsubst %/,%,$(dir $?))
# makefile (from `Makefile', line 24)
SERVER = "0.0.0.0"
# environment
rvm_path = /Users/kang/.rvm
# automatic
@D = $(patsubst %/,%,$(dir $@))
# automatic
@F = $(notdir $@)
# makefile
CURDIR := /Users/kang/xiaokang/LuojiaSSP.github.io
# makefile
SHELL = /bin/sh
# environment
VSCODE_NLS_CONFIG = {"locale":"en-us","availableLanguages":{},"_languagePackSupport":true}
# makefile (from `Makefile', line 1)
PY = 
# environment
_ = /usr/bin/make
# environment
_NB_INDICATOR_IMAGE = ðŸŒ„ 
# makefile (from `Makefile', line 1)
MAKEFILE_LIST :=  Makefile
# makefile (from `Makefile', line 14)
DEBUG = 0
# environment
NB_DIR = /Users/kang/.nb
# environment
VSCODE_VERBOSE_LOGGING = true
# environment
__CFBundleIdentifier = com.microsoft.VSCode
# environment
NB_INDICATOR_TODO_DONE = âœ…
# environment
_LOCAL_NOTEBOOK_PATH = 
# environment
VSCODE_IPC_HOOK_EXTHOST = /var/folders/f0/xl6nrz1n02bd52xdnrwb70w80000gn/T/vscode-ipc-dac845d6-b7df-4d68-b770-57d4aa476a05.sock
# environment
VSCODE_CWD = /Users/kang/.nb/home
# environment
PATH = /bin:/Users/kang/mambaforge/bin:/Users/kang/mambaforge/condabin:/opt/homebrew/opt/node@16/bin:/opt/homebrew/bin:/usr/local/bin:/usr/bin:/bin:/usr/sbin:/sbin:/opt/X11/bin:/Applications/VMware Fusion.app/Contents/Public:/Library/Frameworks/Mono.framework/Versions/Current/Commands:/Library/TeX/texbin:/Users/kang/.rvm/bin
# environment
NB_COLOR_PRIMARY = 69
# environment
TERM_PROGRAM_VERSION = 3.4.15
# environment
_TPUT_SETAF_8 = [90m
# makefile (from `Makefile', line 2)
PELICAN = pelican
# environment
NB_SYNTAX_THEME = base16
# environment
_NB_INDICATOR_VIDEO = ðŸ“¹ 
# environment
VSCODE_LOG_STACK = false
# environment
_TPUT_COLOR_PRIMARY = [38;5;69m
# environment
ELECTRON_RUN_AS_NODE = 1
# makefile (from `Makefile', line 26)
PORT = 0
# default
.FEATURES := target-specific order-only second-expansion else-if archives jobserver check-symlink
# environment
rvm_ruby_string = system
# environment
NB_INDICATOR_EBOOK = ðŸ“–
# environment
SSH_AUTH_SOCK = /private/tmp/com.apple.launchd.G5c0eAw0zu/Listeners
# automatic
%F = $(notdir $%)
# makefile (from `Makefile', line 7)
OUTPUTDIR = $(BASEDIR)/output
# environment
DISPLAY = /private/tmp/com.apple.launchd.PECfyQ3uOt/org.xquartz:0
# environment
CONDA_EXE = /Users/kang/mambaforge/bin/conda
# environment
_GIT_ENABLED = 1
# environment
VSCODE_PIPE_LOGGING = true
# environment
NB_INDICATOR_PINNED = ðŸ“Œ
# environment
rvm_bin_path = /Users/kang/.rvm/bin
# environment
PWD = /Users/kang/xiaokang/LuojiaSSP.github.io
# environment
_NB_INDICATOR_DOCUMENT = ðŸ“„ 
# environment
NB_FOOTER = 1
# environment
ORIGINAL_XDG_CURRENT_DESKTOP = undefined
# environment
_NOTEBOOK_PATH = /Users/kang/.nb/home
# environment
VSCODE_AMD_ENTRYPOINT = vs/workbench/api/node/extensionHostProcess
# environment
HOME = /Users/kang
# automatic
+D = $(patsubst %/,%,$(dir $+))
# default
MAKEFILEPATH = $(shell /usr/bin/xcode-select -print-path 2>/dev/null || echo /Developer)/Makefiles
# environment
VSCODE_CLI = 1
# environment
VSCODE_CODE_CACHE_PATH = /Users/kang/Library/Application Support/Code/CachedData/30d9c6cd9483b2cc586687151bcbcd635f373630
# environment
LOGNAME = kang
# environment
APPLICATION_INSIGHTS_NO_DIAGNOSTIC_CHANNEL = 1
# environment
CONDA_PROMPT_MODIFIER = (base) 
# environment
VSCODE_HANDLES_UNCAUGHT_ERRORS = true
# automatic
^D = $(patsubst %/,%,$(dir $^))
# environment
NBRC_PATH = /Users/kang/.nbrc
# environment
GEM_PATH = 
# environment
CONDA_DEFAULT_ENV = base
# environment
XPC_FLAGS = 0x0
# environment
COLORTERM = truecolor
# default
MAKE = $(MAKE_COMMAND)
# environment
NB_COLOR_THEME = nb
# environment
LC_TERMINAL = iTerm2
# environment
NB_INDICATOR_IMAGE = ðŸŒ„
# makefile (from `Makefile', line 3)
PELICANOPTS = 
# environment
NB_AUTO_LIMIT = 0
# makefile (from `Makefile', line 11)
GITHUB_PAGES_BRANCH = main
# environment
SHLVL = 4
# makefile (from `Makefile', line 6)
INPUTDIR = $(BASEDIR)/content
# environment
_NB_INDICATOR_FOLDER = ðŸ“‚ 
# default
MAKE_VERSION := 3.81
# environment
USER = kang
# makefile
.DEFAULT_GOAL := help
# environment
_TPUT_SMUL = [4m
# default
MAKECMDGOALS := all
# environment
TERM_SESSION_ID = w0t11p0:79EB5A5B-2350-4175-B6BE-C62AE97ECEC4
# environment
rvm_version = 1.29.12 latest
# automatic
%D = $(patsubst %/,%,$(dir $%))
# environment
NB_INDICATOR_FOLDER = ðŸ“‚
# makefile (from `Makefile', line 9)
PUBLISHCONF = $(BASEDIR)/publishconf.py
# environment
PROJ_LIB = /Users/kang/mambaforge/share/proj
# environment
CONDA_SHLVL = 1
# environment
_NB_INDICATOR_AUDIO = ðŸ”‰ 
# default
MAKE_COMMAND := /Library/Developer/CommandLineTools/usr/bin/make
# makefile (from `Makefile', line 5)
BASEDIR = $(CURDIR)
# environment
rvm_delete_flag = 0
# environment
TERM_PROGRAM = iTerm.app
# default
.VARIABLES := 
# environment
TMPDIR = /var/folders/f0/xl6nrz1n02bd52xdnrwb70w80000gn/T/
# makefile (from `Makefile', line 8)
CONFFILE = $(BASEDIR)/pelicanconf.py
# automatic
*F = $(notdir $*)
# environment
VSCODE_IPC_HOOK = /Users/kang/Library/Application Support/Code/1.68.1-main.sock
# environment
PROJ_NETWORK = ON
# makefile
MAKEFLAGS = Rrqp
# environment
MFLAGS = -Rrqp
# automatic
*D = $(patsubst %/,%,$(dir $*))
# environment
_NB_INDICATOR_PINNED = ðŸ“Œ 
# environment
XPC_SERVICE_NAME = application.com.microsoft.VSCode.56503247.56503253.66CD0B76-33C3-493E-AAC3-9239429BBA36
# environment
LC_TERMINAL_VERSION = 3.4.15
# environment
NB_SERVER_HOST = localhost
# automatic
+F = $(notdir $+)
# environment
_NB_INDICATOR_TODO_DONE = âœ… 
# environment
ITERM_SESSION_ID = w0t11p0:79EB5A5B-2350-4175-B6BE-C62AE97ECEC4
# environment
NB_AUTO_SYNC = 1
# environment
NB_NOTEBOOK_PATH = /Users/kang/.nb/home
# environment
_GLOBAL_NOTEBOOK_PATH = /Users/kang/.nb/home
# environment
COLORFGBG = 15;0
# environment
_NB_INDICATOR_EBOOK = ðŸ“– 
# environment
__CF_USER_TEXT_ENCODING = 0x1F5:0x0:0x0
# environment
COMMAND_MODE = unix2003
# default
MAKEFILES := 
# environment
_NB_TEMP_DIRECTORY = /var/folders/f0/xl6nrz1n02bd52xdnrwb70w80000gn/T/tmp.UQjlQDR6
# automatic
<F = $(notdir $<)
# environment
ITERM_PROFILE = Default
# environment
NB_INDICATOR_VIDEO = ðŸ“¹
# environment
_NB_INDICATOR_BOOKMARK = ðŸ”– 
# environment
NB_INDICATOR_ENCRYPTED = ðŸ”’
# environment
NB_INDICATOR_TODO = âœ”ï¸ 
# environment
EDITOR = code
# environment
LC_ALL = C
# environment
_README_URL = https://github.com/xwmx/nb
# environment
CONDA_PYTHON_EXE = /Users/kang/mambaforge/bin/python
# automatic
^F = $(notdir $^)
# environment
rvm_prefix = /Users/kang
# default
SUFFIXES := 
# environment
NB_INDICATOR_BOOKMARK = ðŸ”–
# environment
_CE_M = 
# environment
_TPUT_SGR0 = (B[m
# environment
NB_COLOR_SECONDARY = 8
# default
.INCLUDE_DIRS = /usr/local/include
# environment
NB_HEADER = 2
# environment
MAKELEVEL := 0
# environment
_COLOR_ENABLED = 1
# environment
NB_INDICATOR_DOCUMENT = ðŸ“„
# environment
CONDA_PREFIX = /Users/kang/mambaforge
# environment
TERM = xterm-256color
# environment
VSCODE_PID = 94148
# environment
NB_INDICATOR_AUDIO = ðŸ”‰
# environment
NB_DEFAULT_EXTENSION = md
# environment
_CE_CONDA = 
# environment
_NB_INDICATOR_ENCRYPTED = ðŸ”’ 
# environment
LANG = C
# variable set hash-table stats:
# Load=158/1024=15%, Rehash=0, Collisions=31/191=16%

# Pattern-specific Variable Values

# No pattern-specific variable values.

# Directories

# . (device 16777234, inode 55233966): 15 files, no impossibilities.

# 15 files, no impossibilities in 1 directories.

# Implicit Rules

# No implicit rules.

# Files

# Not a target:
all:
#  Command-line target.
#  Implicit rule search has been done.
#  File does not exist.
#  File has not been updated.
 
# variable set hash-table stats:
# Load=0/32=0%, Rehash=0, Collisions=0/0=0%

.PHONY: html help clean regenerate serve serve-global devserver publish github
#  Implicit rule search has not been done.
#  Modification time never checked.
#  File has not been updated.

serve-global:
#  Phony target (prerequisite of .PHONY).
#  Implicit rule search has not been done.
#  File does not exist.
#  File has not been updated.
#  commands to execute (from `Makefile', line 63):
	"$(PELICAN)" -l "$(INPUTDIR)" -o "$(OUTPUTDIR)" -s "$(CONFFILE)" $(PELICANOPTS) -b $(SERVER)
	

# Not a target:
.SUFFIXES:
#  Implicit rule search has not been done.
#  Modification time never checked.
#  File has not been updated.

# Not a target:
Makefile:
#  Implicit rule search has been done.
#  Last modified 2022-06-10 11:12:43
#  File has been updated.
#  Successfully updated.
# variable set hash-table stats:
# Load=0/32=0%, Rehash=0, Collisions=0/0=0%

help:
#  Phony target (prerequisite of .PHONY).
#  Implicit rule search has not been done.
#  File does not exist.
#  File has not been updated.
#  commands to execute (from `Makefile', line 33):
	@echo 'Makefile for a pelican Web site                                           '
	@echo '                                                                          '
	@echo 'Usage:                                                                    '
	@echo '   make html                           (re)generate the web site          '
	@echo '   make clean                          remove the generated files         '
	@echo '   make regenerate                     regenerate files upon modification '
	@echo '   make publish                        generate using production settings '
	@echo '   make serve [PORT=8000]              serve site at http://localhost:8000'
	@echo '   make serve-global [SERVER=0.0.0.0]  serve (as root) to $(SERVER):80    '
	@echo '   make devserver [PORT=8000]          serve and regenerate together      '
	@echo '   make devserver-global               regenerate and serve on 0.0.0.0    '
	@echo '   make github                         upload the web site via gh-pages   '
	@echo '                                                                          '
	@echo 'Set the DEBUG variable to 1 to enable debugging, e.g. make DEBUG=1 html   '
	@echo 'Set the RELATIVE variable to 1 to enable relative urls                    '
	@echo '                                                                          '
	

# Not a target:
.DEFAULT:
#  Implicit rule search has not been done.
#  Modification time never checked.
#  File has not been updated.

publish:
#  Phony target (prerequisite of .PHONY).
#  Implicit rule search has not been done.
#  File does not exist.
#  File has not been updated.
#  commands to execute (from `Makefile', line 72):
	"$(PELICAN)" "$(INPUTDIR)" -o "$(OUTPUTDIR)" -s "$(PUBLISHCONF)" $(PELICANOPTS)
	

devserver:
#  Phony target (prerequisite of .PHONY).
#  Implicit rule search has not been done.
#  File does not exist.
#  File has not been updated.
#  commands to execute (from `Makefile', line 66):
	"$(PELICAN)" -lr "$(INPUTDIR)" -o "$(OUTPUTDIR)" -s "$(CONFFILE)" $(PELICANOPTS)
	

clean:
#  Phony target (prerequisite of .PHONY).
#  Implicit rule search has not been done.
#  File does not exist.
#  File has not been updated.
#  commands to execute (from `Makefile', line 54):
	[ ! -d "$(OUTPUTDIR)" ] || rm -rf "$(OUTPUTDIR)"
	

regenerate:
#  Phony target (prerequisite of .PHONY).
#  Implicit rule search has not been done.
#  File does not exist.
#  File has not been updated.
#  commands to execute (from `Makefile', line 57):
	"$(PELICAN)" -r "$(INPUTDIR)" -o "$(OUTPUTDIR)" -s "$(CONFFILE)" $(PELICANOPTS)
	

html:
#  Phony target (prerequisite of .PHONY).
#  Implicit rule search has not been done.
#  File does not exist.
#  File has not been updated.
#  commands to execute (from `Makefile', line 51):
	"$(PELICAN)" "$(INPUTDIR)" -o "$(OUTPUTDIR)" -s "$(CONFFILE)" $(PELICANOPTS)
	

serve:
#  Phony target (prerequisite of .PHONY).
#  Implicit rule search has not been done.
#  File does not exist.
#  File has not been updated.
#  commands to execute (from `Makefile', line 60):
	"$(PELICAN)" -l "$(INPUTDIR)" -o "$(OUTPUTDIR)" -s "$(CONFFILE)" $(PELICANOPTS)
	

devserver-global:
#  Implicit rule search has not been done.
#  Modification time never checked.
#  File has not been updated.
#  commands to execute (from `Makefile', line 69):
	$(PELICAN) -lr $(INPUTDIR) -o $(OUTPUTDIR) -s $(CONFFILE) $(PELICANOPTS) -b 0.0.0.0
	

github: publish
#  Phony target (prerequisite of .PHONY).
#  Implicit rule search has not been done.
#  File does not exist.
#  File has not been updated.
#  commands to execute (from `Makefile', line 75):
	ghp-import -m "Generate Pelican site" -b $(GITHUB_PAGES_BRANCH) "$(OUTPUTDIR)"
	git push origin $(GITHUB_PAGES_BRANCH)
	

# files hash-table stats:
# Load=15/1024=1%, Rehash=0, Collisions=0/37=0%
# VPATH Search Paths

# No `vpath' search paths.

# No general (`VPATH' variable) search path.

# # of strings in strcache: 1
# # of strcache buffers: 1
# strcache size: total = 4096 / max = 4096 / min = 4096 / avg = 4096
# strcache free: total = 4087 / max = 4087 / min = 4087 / avg = 4087

# Finished Make data base on Tue Jun 21 11:38:05 2022

 
